<?xml version="1.0" encoding="UTF-8"?>
<!-- Generated by org.testng.reporters.JUnitXMLReporter -->
<testsuite hostname="PIKU-PC" name="case1" tests="3" failures="1" timestamp="16 Mar 2014 07:49:14 GMT" time="0.03" errors="0">
  <testcase name="testLinuxOnly" time="0.005" classname="com.ddlab.rnd.testng.test.AppTest1"/>
  <testcase name="test1" time="0.001" classname="com.ddlab.rnd.testng.test.DummyTest"/>
  <testcase name="test2" time="0.0" classname="com.ddlab.rnd.testng.test.DummyTest">
    <failure type="java.lang.AssertionError">
      <![CDATA[java.lang.AssertionError
	at com.ddlab.rnd.testng.test.DummyTest.test2(DummyTest.java:29)
... Removed 24 stack frames]]>
    </failure>
  </testcase> <!-- test2 -->
</testsuite> <!-- case1 -->
